Fri Jun 21 05:31:14 2024, 5569, Compositor, munmap, 262144
Fri Jun 21 05:31:14 2024, 5523, VizCompositorTh, munmap, 262144
Fri Jun 21 05:31:14 2024, 5569, Compositor, mmap2, 262144
Fri Jun 21 05:31:14 2024, 5523, VizCompositorTh, mmap2, 262144
Fri Jun 21 05:31:14 2024, 5569, Compositor, mmap2, 262144
Fri Jun 21 05:31:14 2024, 5523, VizCompositorTh, mmap2, 262144
Fri Jun 21 05:31:14 2024, 5569, Compositor, mmap2, 262144
Fri Jun 21 05:31:14 2024, 5523, VizCompositorTh, mmap2, 262144
Fri Jun 21 05:31:14 2024, 5569, Compositor, mmap2, 262144
Fri Jun 21 05:31:14 2024, 5523, VizCompositorTh, mmap2, 262144
Fri Jun 21 05:31:14 2024, 5569, Compositor, mmap2, 262144
Fri Jun 21 05:31:14 2024, 5523, VizCompositorTh, mmap2, 262144
Fri Jun 21 05:31:14 2024, 5569, Compositor, mmap2, 262144
Fri Jun 21 05:31:14 2024, 5523, VizCompositorTh, mmap2, 262144
Fri Jun 21 05:31:14 2024, 5569, Compositor, mmap2, 262144
Fri Jun 21 05:31:14 2024, 5523, VizCompositorTh, mmap2, 262144
Fri Jun 21 05:31:14 2024, 5569, Compositor, mmap2, 98304
Fri Jun 21 05:31:14 2024, 5523, VizCompositorTh, mmap2, 98304
Fri Jun 21 05:31:14 2024, 5569, Compositor, mmap2, 262144
Fri Jun 21 05:31:14 2024, 5523, VizCompositorTh, mmap2, 262144
Fri Jun 21 05:31:14 2024, 5569, Compositor, mmap2, 196608
Fri Jun 21 05:31:14 2024, 5523, VizCompositorTh, mmap2, 196608
Fri Jun 21 05:31:14 2024, 5569, Compositor, mmap2, 262144
Fri Jun 21 05:31:14 2024, 5523, VizCompositorTh, mmap2, 262144
Fri Jun 21 05:31:14 2024, 5569, Compositor, mmap2, 262144
Fri Jun 21 05:31:14 2024, 5523, VizCompositorTh, mmap2, 262144
Fri Jun 21 05:31:14 2024, 5569, Compositor, mmap2, 262144
Fri Jun 21 05:31:14 2024, 5523, VizCompositorTh, mmap2, 262144
Fri Jun 21 05:31:14 2024, 5569, Compositor, mmap2, 262144
Fri Jun 21 05:31:14 2024, 5523, VizCompositorTh, mmap2, 262144
Fri Jun 21 05:31:14 2024, 5569, Compositor, mmap2, 262144
Fri Jun 21 05:31:14 2024, 5523, VizCompositorTh, mmap2, 262144
Fri Jun 21 05:31:14 2024, 5569, Compositor, mmap2, 262144
Fri Jun 21 05:31:14 2024, 5523, VizCompositorTh, mmap2, 262144
Fri Jun 21 05:31:14 2024, 5569, Compositor, mmap2, 262144
Fri Jun 21 05:31:14 2024, 5523, VizCompositorTh, mmap2, 262144
Fri Jun 21 05:31:14 2024, 5569, Compositor, mmap2, 262144
Fri Jun 21 05:31:14 2024, 5523, VizCompositorTh, mmap2, 262144
Fri Jun 21 05:31:14 2024, 5569, Compositor, mmap2, 262144
Fri Jun 21 05:31:14 2024, 5523, VizCompositorTh, mmap2, 262144
Fri Jun 21 05:31:14 2024, 5569, Compositor, mmap2, 262144
Fri Jun 21 05:31:14 2024, 5523, VizCompositorTh, mmap2, 262144
Fri Jun 21 05:31:14 2024, 5569, Compositor, mmap2, 262144
Fri Jun 21 05:31:14 2024, 5523, VizCompositorTh, mmap2, 262144
Fri Jun 21 05:31:14 2024, 5569, Compositor, mmap2, 262144
Fri Jun 21 05:31:14 2024, 5523, VizCompositorTh, mmap2, 262144
Fri Jun 21 05:31:14 2024, 5569, Compositor, mmap2, 262144
Fri Jun 21 05:31:14 2024, 5523, VizCompositorTh, mmap2, 262144
Fri Jun 21 05:31:14 2024, 5569, Compositor, mmap2, 262144
Fri Jun 21 05:31:14 2024, 5523, VizCompositorTh, mmap2, 262144
Fri Jun 21 05:31:14 2024, 5569, Compositor, mmap2, 262144
Fri Jun 21 05:31:14 2024, 5523, VizCompositorTh, mmap2, 262144
Fri Jun 21 05:31:14 2024, 5569, Compositor, mmap2, 262144
Fri Jun 21 05:31:14 2024, 5523, VizCompositorTh, mmap2, 262144
Fri Jun 21 05:31:14 2024, 5569, Compositor, mmap2, 131072
Fri Jun 21 05:31:14 2024, 5523, VizCompositorTh, mmap2, 131072
Fri Jun 21 05:31:14 2024, 5569, Compositor, mmap2, 131072
Fri Jun 21 05:31:14 2024, 5523, VizCompositorTh, mmap2, 131072
Fri Jun 21 05:31:14 2024, 5569, Compositor, mmap2, 131072
Fri Jun 21 05:31:14 2024, 5523, VizCompositorTh, mmap2, 131072
Fri Jun 21 05:31:14 2024, 5569, Compositor, mmap2, 131072
Fri Jun 21 05:31:14 2024, 5523, VizCompositorTh, mmap2, 131072
Fri Jun 21 05:31:14 2024, 5569, Compositor, mmap2, 262144
Fri Jun 21 05:31:14 2024, 5523, VizCompositorTh, mmap2, 262144
Fri Jun 21 05:31:14 2024, 5569, Compositor, mmap2, 262144
Fri Jun 21 05:31:14 2024, 5523, VizCompositorTh, mmap2, 262144
Fri Jun 21 05:31:14 2024, 5569, Compositor, mmap2, 262144
Fri Jun 21 05:31:14 2024, 5523, VizCompositorTh, mmap2, 262144
Fri Jun 21 05:31:14 2024, 5569, Compositor, mmap2, 262144
Fri Jun 21 05:31:14 2024, 5569, Compositor, mmap2, 262144
Fri Jun 21 05:31:14 2024, 5569, Compositor, mmap2, 196608
Fri Jun 21 05:31:14 2024, 5569, Compositor, mmap2, 262144
Fri Jun 21 05:31:14 2024, 5569, Compositor, mmap2, 262144
Fri Jun 21 05:31:14 2024, 5569, Compositor, mmap2, 262144
Fri Jun 21 05:31:14 2024, 5569, Compositor, mmap2, 262144
Fri Jun 21 05:31:14 2024, 5569, Compositor, mmap2, 262144
Fri Jun 21 05:31:14 2024, 5569, Compositor, mmap2, 262144
Fri Jun 21 05:31:14 2024, 5569, Compositor, mmap2, 262144
Fri Jun 21 05:31:14 2024, 5569, Compositor, mmap2, 262144
Fri Jun 21 05:31:14 2024, 5569, Compositor, mmap2, 262144
Fri Jun 21 05:31:14 2024, 5569, Compositor, mmap2, 262144
Fri Jun 21 05:31:14 2024, 5569, Compositor, mmap2, 262144
Fri Jun 21 05:31:14 2024, 5569, Compositor, mmap2, 262144
Fri Jun 21 05:31:14 2024, 5569, Compositor, mmap2, 262144
Fri Jun 21 05:31:14 2024, 5569, Compositor, mmap2, 262144
Fri Jun 21 05:31:14 2024, 5569, Compositor, mmap2, 262144
Fri Jun 21 05:31:14 2024, 5569, Compositor, mmap2, 262144
Fri Jun 21 05:31:14 2024, 5569, Compositor, mmap2, 262144
Fri Jun 21 05:31:14 2024, 5569, Compositor, mmap2, 262144
Fri Jun 21 05:31:14 2024, 5523, VizCompositorTh, mmap2, 262144
Fri Jun 21 05:31:14 2024, 5523, VizCompositorTh, mmap2, 262144
Fri Jun 21 05:31:14 2024, 5523, VizCompositorTh, mmap2, 196608
Fri Jun 21 05:31:14 2024, 5523, VizCompositorTh, mmap2, 262144
Fri Jun 21 05:31:14 2024, 5523, VizCompositorTh, mmap2, 262144
Fri Jun 21 05:31:14 2024, 5523, VizCompositorTh, mmap2, 262144
Fri Jun 21 05:31:14 2024, 5523, VizCompositorTh, mmap2, 262144
Fri Jun 21 05:31:14 2024, 5523, VizCompositorTh, mmap2, 262144
Fri Jun 21 05:31:14 2024, 5523, VizCompositorTh, mmap2, 262144
Fri Jun 21 05:31:14 2024, 5523, VizCompositorTh, mmap2, 262144
Fri Jun 21 05:31:14 2024, 5523, VizCompositorTh, mmap2, 262144
Fri Jun 21 05:31:14 2024, 5523, VizCompositorTh, mmap2, 262144
Fri Jun 21 05:31:14 2024, 5523, VizCompositorTh, mmap2, 262144
Fri Jun 21 05:31:14 2024, 5523, VizCompositorTh, mmap2, 262144
Fri Jun 21 05:31:14 2024, 5523, VizCompositorTh, mmap2, 262144
Fri Jun 21 05:31:14 2024, 5523, VizCompositorTh, mmap2, 262144
Fri Jun 21 05:31:14 2024, 5523, VizCompositorTh, mmap2, 262144
Fri Jun 21 05:31:14 2024, 5523, VizCompositorTh, mmap2, 262144
Fri Jun 21 05:31:14 2024, 5523, VizCompositorTh, mmap2, 262144
Fri Jun 21 05:31:14 2024, 5523, VizCompositorTh, mmap2, 262144
Fri Jun 21 05:31:14 2024, 5523, VizCompositorTh, mmap2, 262144
Fri Jun 21 05:31:15 2024, 5569, Compositor, mmap2, 294912
Fri Jun 21 05:31:15 2024, 5523, VizCompositorTh, mmap2, 294912
Fri Jun 21 05:31:15 2024, 5569, Compositor, mmap2, 131072
Fri Jun 21 05:31:15 2024, 5523, VizCompositorTh, mmap2, 131072
Fri Jun 21 05:31:15 2024, 11569, sh, mmap2, 8192
Fri Jun 21 05:31:15 2024, 11569, sh, mmap2, 71631
Fri Jun 21 05:31:15 2024, 11569, sh, mmap2, 2264656
Fri Jun 21 05:31:15 2024, 11569, sh, mmap2, 1658880
Fri Jun 21 05:31:15 2024, 11569, sh, mmap2, 360448
Fri Jun 21 05:31:15 2024, 11569, sh, mmap2, 24576
Fri Jun 21 05:31:15 2024, 11569, sh, mmap2, 52816
Fri Jun 21 05:31:15 2024, 11569, sh, mmap2, 12288
Fri Jun 21 05:31:15 2024, 11569, sh, munmap, 71631
Fri Jun 21 05:31:15 2024, 11570, which, mmap2, 8192
Fri Jun 21 05:31:15 2024, 11570, which, mmap2, 71631
Fri Jun 21 05:31:15 2024, 11570, which, mmap2, 2264656
Fri Jun 21 05:31:15 2024, 11570, which, mmap2, 1658880
Fri Jun 21 05:31:15 2024, 11570, which, mmap2, 360448
Fri Jun 21 05:31:15 2024, 11570, which, mmap2, 24576
Fri Jun 21 05:31:15 2024, 11570, which, mmap2, 52816
Fri Jun 21 05:31:15 2024, 11570, which, mmap2, 12288
Fri Jun 21 05:31:15 2024, 11570, which, munmap, 71631
Fri Jun 21 05:31:15 2024, 5569, Compositor, mmap2, 294912
Fri Jun 21 05:31:15 2024, 5523, VizCompositorTh, mmap2, 294912
Fri Jun 21 05:31:15 2024, 11571, sh, mmap2, 8192
Fri Jun 21 05:31:15 2024, 11571, sh, mmap2, 71631
Fri Jun 21 05:31:15 2024, 11571, sh, mmap2, 2264656
Fri Jun 21 05:31:15 2024, 11571, sh, mmap2, 1658880
Fri Jun 21 05:31:15 2024, 11571, sh, mmap2, 360448
Fri Jun 21 05:31:15 2024, 11571, sh, mmap2, 24576
Fri Jun 21 05:31:15 2024, 11571, sh, mmap2, 52816
Fri Jun 21 05:31:15 2024, 11571, sh, mmap2, 12288
Fri Jun 21 05:31:15 2024, 11571, sh, munmap, 71631
Fri Jun 21 05:31:15 2024, 11572, ps, mmap2, 8192
Fri Jun 21 05:31:15 2024, 11572, ps, mmap2, 71631
Fri Jun 21 05:31:15 2024, 11572, ps, mmap2, 225320
Fri Jun 21 05:31:15 2024, 11572, ps, mmap2, 40960
Fri Jun 21 05:31:15 2024, 11572, ps, mmap2, 16384
Fri Jun 21 05:31:15 2024, 11572, ps, mmap2, 12288
Fri Jun 21 05:31:15 2024, 11572, ps, mmap2, 139304
Fri Jun 21 05:31:15 2024, 11572, ps, mmap2, 2264656
Fri Jun 21 05:31:15 2024, 11572, ps, mmap2, 1658880
Fri Jun 21 05:31:15 2024, 11572, ps, mmap2, 360448
Fri Jun 21 05:31:15 2024, 11572, ps, mmap2, 24576
Fri Jun 21 05:31:15 2024, 11572, ps, mmap2, 52816
Fri Jun 21 05:31:15 2024, 11572, ps, mmap2, 812384
Fri Jun 21 05:31:15 2024, 11572, ps, mmap2, 520192
Fri Jun 21 05:31:15 2024, 11572, ps, mmap2, 176128
Fri Jun 21 05:31:15 2024, 11572, ps, mmap2, 32768
Fri Jun 21 05:31:15 2024, 11572, ps, mmap2, 1376
Fri Jun 21 05:31:15 2024, 11572, ps, mmap2, 172296
Fri Jun 21 05:31:15 2024, 11572, ps, mmap2, 110592
Fri Jun 21 05:31:15 2024, 11572, ps, mmap2, 45056
Fri Jun 21 05:31:15 2024, 11572, ps, mmap2, 8192
Fri Jun 21 05:31:15 2024, 11572, ps, mmap2, 843832
Fri Jun 21 05:31:15 2024, 11572, ps, mmap2, 729088
Fri Jun 21 05:31:15 2024, 11572, ps, mmap2, 69632
Fri Jun 21 05:31:15 2024, 11572, ps, mmap2, 8192
Fri Jun 21 05:31:15 2024, 11572, ps, mmap2, 8192
Fri Jun 21 05:31:15 2024, 11572, ps, mmap2, 127072
Fri Jun 21 05:31:15 2024, 11572, ps, mmap2, 102400
Fri Jun 21 05:31:15 2024, 11572, ps, mmap2, 8192
Fri Jun 21 05:31:15 2024, 11572, ps, mmap2, 8192
Fri Jun 21 05:31:15 2024, 11572, ps, mmap2, 41016
Fri Jun 21 05:31:15 2024, 11572, ps, mmap2, 16384
Fri Jun 21 05:31:15 2024, 11572, ps, mmap2, 8192
Fri Jun 21 05:31:15 2024, 11572, ps, mmap2, 8192
Fri Jun 21 05:31:15 2024, 11572, ps, mmap2, 1299576
Fri Jun 21 05:31:15 2024, 11572, ps, mmap2, 942080
Fri Jun 21 05:31:15 2024, 11572, ps, mmap2, 253952
Fri Jun 21 05:31:15 2024, 11572, ps, mmap2, 36864
Fri Jun 21 05:31:15 2024, 11572, ps, mmap2, 1144
Fri Jun 21 05:31:15 2024, 11572, ps, mmap2, 151992
Fri Jun 21 05:31:15 2024, 11572, ps, mmap2, 90112
Fri Jun 21 05:31:15 2024, 11572, ps, mmap2, 40960
Fri Jun 21 05:31:15 2024, 11572, ps, mmap2, 8192
Fri Jun 21 05:31:15 2024, 11572, ps, mmap2, 8192
Fri Jun 21 05:31:15 2024, 11572, ps, mmap2, 12288
Fri Jun 21 05:31:15 2024, 11572, ps, munmap, 71631
Fri Jun 21 05:31:15 2024, 11572, ps, mmap2, 8391520
Fri Jun 21 05:31:15 2024, 11572, ps, mmap2, 139264
Fri Jun 21 05:31:15 2024, 11572, ps, mmap2, 135168
Fri Jun 21 05:31:15 2024, 11572, ps, mmap2, 135168
Fri Jun 21 05:31:15 2024, 5569, Compositor, mmap2, 294912
Fri Jun 21 05:31:15 2024, 5523, VizCompositorTh, mmap2, 294912
Fri Jun 21 05:31:15 2024, 11573, sh, mmap2, 8192
Fri Jun 21 05:31:15 2024, 11573, sh, mmap2, 71631
Fri Jun 21 05:31:15 2024, 11573, sh, mmap2, 2264656
Fri Jun 21 05:31:15 2024, 11573, sh, mmap2, 1658880
Fri Jun 21 05:31:15 2024, 11573, sh, mmap2, 360448
Fri Jun 21 05:31:15 2024, 11573, sh, mmap2, 24576
Fri Jun 21 05:31:15 2024, 11573, sh, mmap2, 52816
Fri Jun 21 05:31:15 2024, 11573, sh, mmap2, 12288
Fri Jun 21 05:31:15 2024, 11573, sh, munmap, 71631
Fri Jun 21 05:31:15 2024, 11574, cpuUsage.sh, mmap2, 8192
Fri Jun 21 05:31:15 2024, 11574, cpuUsage.sh, mmap2, 71631
Fri Jun 21 05:31:15 2024, 11574, cpuUsage.sh, mmap2, 203040
Fri Jun 21 05:31:15 2024, 11574, cpuUsage.sh, mmap2, 69632
Fri Jun 21 05:31:15 2024, 11574, cpuUsage.sh, mmap2, 57344
Fri Jun 21 05:31:15 2024, 11574, cpuUsage.sh, mmap2, 20480
Fri Jun 21 05:31:15 2024, 11574, cpuUsage.sh, mmap2, 2264656
Fri Jun 21 05:31:15 2024, 11574, cpuUsage.sh, mmap2, 1658880
Fri Jun 21 05:31:15 2024, 11574, cpuUsage.sh, mmap2, 360448
Fri Jun 21 05:31:15 2024, 11574, cpuUsage.sh, mmap2, 24576
Fri Jun 21 05:31:15 2024, 11574, cpuUsage.sh, mmap2, 52816
Fri Jun 21 05:31:15 2024, 11574, cpuUsage.sh, mmap2, 12288
Fri Jun 21 05:31:15 2024, 11574, cpuUsage.sh, munmap, 71631
Fri Jun 21 05:31:15 2024, 11574, cpuUsage.sh, mmap2, 8391520
Fri Jun 21 05:31:15 2024, 11574, cpuUsage.sh, mmap2, 27002
Fri Jun 21 05:31:15 2024, 11575, sed, mmap2, 8192
Fri Jun 21 05:31:15 2024, 11575, sed, mmap2, 71631
Fri Jun 21 05:31:15 2024, 11575, sed, mmap2, 36896
Fri Jun 21 05:31:15 2024, 11575, sed, mmap2, 16384
Fri Jun 21 05:31:15 2024, 11575, sed, mmap2, 4096
Fri Jun 21 05:31:15 2024, 11575, sed, mmap2, 8192
Fri Jun 21 05:31:15 2024, 11575, sed, mmap2, 177672
Fri Jun 21 05:31:15 2024, 11575, sed, mmap2, 106496
Fri Jun 21 05:31:15 2024, 11575, sed, mmap2, 28672
Fri Jun 21 05:31:15 2024, 11575, sed, mmap2, 8192
Fri Jun 21 05:31:15 2024, 11575, sed, mmap2, 5640
Fri Jun 21 05:31:15 2024, 11575, sed, mmap2, 2264656
Fri Jun 21 05:31:15 2024, 11575, sed, mmap2, 1658880
Fri Jun 21 05:31:15 2024, 11575, sed, mmap2, 360448
Fri Jun 21 05:31:15 2024, 11575, sed, mmap2, 24576
Fri Jun 21 05:31:15 2024, 11575, sed, mmap2, 52816
Fri Jun 21 05:31:15 2024, 11575, sed, mmap2, 615184
Fri Jun 21 05:31:15 2024, 11575, sed, mmap2, 438272
Fri Jun 21 05:31:15 2024, 11575, sed, mmap2, 163840
Fri Jun 21 05:31:15 2024, 11575, sed, mmap2, 8192
Fri Jun 21 05:31:15 2024, 11575, sed, mmap2, 8192
Fri Jun 21 05:31:15 2024, 11575, sed, munmap, 71631
Fri Jun 21 05:31:15 2024, 11575, sed, mmap2, 8391520
Fri Jun 21 05:31:15 2024, 11575, sed, mmap2, 27002
Fri Jun 21 05:31:15 2024, 11576, cat, mmap2, 8192
Fri Jun 21 05:31:15 2024, 11576, cat, mmap2, 71631
Fri Jun 21 05:31:15 2024, 11576, cat, mmap2, 2264656
Fri Jun 21 05:31:15 2024, 11576, cat, mmap2, 1658880
Fri Jun 21 05:31:15 2024, 11576, cat, mmap2, 360448
Fri Jun 21 05:31:15 2024, 11576, cat, mmap2, 24576
Fri Jun 21 05:31:15 2024, 11576, cat, mmap2, 52816
Fri Jun 21 05:31:15 2024, 11576, cat, mmap2, 12288
Fri Jun 21 05:31:15 2024, 11576, cat, munmap, 71631
Fri Jun 21 05:31:15 2024, 11576, cat, mmap2, 8391520
Fri Jun 21 05:31:15 2024, 11576, cat, mmap2, 139264
Fri Jun 21 05:31:15 2024, 11576, cat, munmap, 139264
Fri Jun 21 05:31:15 2024, 11577, cat, mmap2, 8192
Fri Jun 21 05:31:15 2024, 11577, cat, mmap2, 71631
Fri Jun 21 05:31:15 2024, 11577, cat, mmap2, 2264656
Fri Jun 21 05:31:15 2024, 11577, cat, mmap2, 1658880
Fri Jun 21 05:31:15 2024, 11577, cat, mmap2, 360448
Fri Jun 21 05:31:15 2024, 11577, cat, mmap2, 24576
Fri Jun 21 05:31:15 2024, 11577, cat, mmap2, 52816
Fri Jun 21 05:31:15 2024, 11577, cat, mmap2, 12288
Fri Jun 21 05:31:15 2024, 11577, cat, munmap, 71631
Fri Jun 21 05:31:15 2024, 11577, cat, mmap2, 8391520
Fri Jun 21 05:31:15 2024, 11577, cat, mmap2, 139264
Fri Jun 21 05:31:15 2024, 11577, cat, munmap, 139264
Fri Jun 21 05:31:15 2024, 11578, cat, mmap2, 8192
Fri Jun 21 05:31:15 2024, 11578, cat, mmap2, 71631
Fri Jun 21 05:31:15 2024, 11578, cat, mmap2, 2264656
Fri Jun 21 05:31:15 2024, 11578, cat, mmap2, 1658880
Fri Jun 21 05:31:15 2024, 11578, cat, mmap2, 360448
Fri Jun 21 05:31:15 2024, 11578, cat, mmap2, 24576
Fri Jun 21 05:31:15 2024, 11578, cat, mmap2, 52816
Fri Jun 21 05:31:15 2024, 11578, cat, mmap2, 12288
Fri Jun 21 05:31:15 2024, 11578, cat, munmap, 71631
Fri Jun 21 05:31:15 2024, 11578, cat, mmap2, 8391520
Fri Jun 21 05:31:15 2024, 11578, cat, mmap2, 139264
Fri Jun 21 05:31:15 2024, 11578, cat, munmap, 139264
Fri Jun 21 05:31:15 2024, 11579, cat, mmap2, 8192
Fri Jun 21 05:31:15 2024, 11579, cat, mmap2, 71631
Fri Jun 21 05:31:15 2024, 11579, cat, mmap2, 2264656
Fri Jun 21 05:31:15 2024, 11579, cat, mmap2, 1658880
Fri Jun 21 05:31:15 2024, 11579, cat, mmap2, 360448
Fri Jun 21 05:31:15 2024, 11579, cat, mmap2, 24576
Fri Jun 21 05:31:15 2024, 11579, cat, mmap2, 52816
Fri Jun 21 05:31:15 2024, 11579, cat, mmap2, 12288
Fri Jun 21 05:31:15 2024, 11579, cat, munmap, 71631
Fri Jun 21 05:31:15 2024, 11579, cat, mmap2, 8391520
Fri Jun 21 05:31:15 2024, 11579, cat, mmap2, 139264
Fri Jun 21 05:31:15 2024, 11579, cat, munmap, 139264
Fri Jun 21 05:31:15 2024, 11580, cat, mmap2, 8192
Fri Jun 21 05:31:15 2024, 11580, cat, mmap2, 71631
Fri Jun 21 05:31:15 2024, 11580, cat, mmap2, 2264656
Fri Jun 21 05:31:15 2024, 11580, cat, mmap2, 1658880
Fri Jun 21 05:31:15 2024, 11580, cat, mmap2, 360448
Fri Jun 21 05:31:15 2024, 11580, cat, mmap2, 24576
Fri Jun 21 05:31:15 2024, 11580, cat, mmap2, 52816
Fri Jun 21 05:31:15 2024, 11580, cat, mmap2, 12288
Fri Jun 21 05:31:15 2024, 11580, cat, munmap, 71631
Fri Jun 21 05:31:15 2024, 11580, cat, mmap2, 8391520
Fri Jun 21 05:31:15 2024, 11580, cat, mmap2, 139264
Fri Jun 21 05:31:15 2024, 11580, cat, munmap, 139264
Fri Jun 21 05:31:15 2024, 11581, cat, mmap2, 8192
Fri Jun 21 05:31:15 2024, 11581, cat, mmap2, 71631
Fri Jun 21 05:31:15 2024, 11581, cat, mmap2, 2264656
Fri Jun 21 05:31:15 2024, 11581, cat, mmap2, 1658880
Fri Jun 21 05:31:15 2024, 11581, cat, mmap2, 360448
Fri Jun 21 05:31:15 2024, 11581, cat, mmap2, 24576
Fri Jun 21 05:31:15 2024, 11581, cat, mmap2, 52816
Fri Jun 21 05:31:15 2024, 11581, cat, mmap2, 12288
Fri Jun 21 05:31:15 2024, 11581, cat, munmap, 71631
Fri Jun 21 05:31:15 2024, 11581, cat, mmap2, 8391520
Fri Jun 21 05:31:15 2024, 11581, cat, mmap2, 139264
Fri Jun 21 05:31:15 2024, 11581, cat, munmap, 139264
Fri Jun 21 05:31:15 2024, 11582, cat, mmap2, 8192
Fri Jun 21 05:31:15 2024, 11582, cat, mmap2, 71631
Fri Jun 21 05:31:15 2024, 11582, cat, mmap2, 2264656
Fri Jun 21 05:31:15 2024, 11582, cat, mmap2, 1658880
Fri Jun 21 05:31:15 2024, 11582, cat, mmap2, 360448
Fri Jun 21 05:31:15 2024, 11582, cat, mmap2, 24576
Fri Jun 21 05:31:15 2024, 11582, cat, mmap2, 52816
Fri Jun 21 05:31:15 2024, 11582, cat, mmap2, 12288
Fri Jun 21 05:31:15 2024, 11582, cat, munmap, 71631
Fri Jun 21 05:31:15 2024, 11582, cat, mmap2, 8391520
Fri Jun 21 05:31:15 2024, 11582, cat, mmap2, 139264
Fri Jun 21 05:31:15 2024, 11582, cat, munmap, 139264
Fri Jun 21 05:31:15 2024, 11583, cat, mmap2, 8192
Fri Jun 21 05:31:15 2024, 11583, cat, mmap2, 71631
Fri Jun 21 05:31:15 2024, 11583, cat, mmap2, 2264656
Fri Jun 21 05:31:15 2024, 11583, cat, mmap2, 1658880
Fri Jun 21 05:31:15 2024, 11583, cat, mmap2, 360448
Fri Jun 21 05:31:15 2024, 11583, cat, mmap2, 24576
Fri Jun 21 05:31:15 2024, 11583, cat, mmap2, 52816
Fri Jun 21 05:31:15 2024, 11583, cat, mmap2, 12288
Fri Jun 21 05:31:15 2024, 11583, cat, munmap, 71631
Fri Jun 21 05:31:15 2024, 11583, cat, mmap2, 8391520
Fri Jun 21 05:31:15 2024, 11583, cat, mmap2, 139264
Fri Jun 21 05:31:15 2024, 11583, cat, munmap, 139264
Fri Jun 21 05:31:15 2024, 11584, sleep, mmap2, 8192
Fri Jun 21 05:31:15 2024, 11584, sleep, mmap2, 71631
Fri Jun 21 05:31:15 2024, 11584, sleep, mmap2, 2264656
Fri Jun 21 05:31:15 2024, 11584, sleep, mmap2, 1658880
Fri Jun 21 05:31:15 2024, 11584, sleep, mmap2, 360448
Fri Jun 21 05:31:15 2024, 11584, sleep, mmap2, 24576
Fri Jun 21 05:31:15 2024, 11584, sleep, mmap2, 52816
Fri Jun 21 05:31:15 2024, 11584, sleep, mmap2, 12288
Fri Jun 21 05:31:15 2024, 11584, sleep, munmap, 71631
Fri Jun 21 05:31:15 2024, 11584, sleep, mmap2, 8391520
Fri Jun 21 05:31:16 2024, 11585, sed, mmap2, 8192
Fri Jun 21 05:31:16 2024, 11585, sed, mmap2, 71631
Fri Jun 21 05:31:16 2024, 11585, sed, mmap2, 36896
Fri Jun 21 05:31:16 2024, 11585, sed, mmap2, 16384
Fri Jun 21 05:31:16 2024, 11585, sed, mmap2, 4096
Fri Jun 21 05:31:16 2024, 11585, sed, mmap2, 8192
Fri Jun 21 05:31:16 2024, 11585, sed, mmap2, 177672
Fri Jun 21 05:31:16 2024, 11585, sed, mmap2, 106496
Fri Jun 21 05:31:16 2024, 11585, sed, mmap2, 28672
Fri Jun 21 05:31:16 2024, 11585, sed, mmap2, 8192
Fri Jun 21 05:31:16 2024, 11585, sed, mmap2, 5640
Fri Jun 21 05:31:16 2024, 11585, sed, mmap2, 2264656
Fri Jun 21 05:31:16 2024, 11585, sed, mmap2, 1658880
Fri Jun 21 05:31:16 2024, 11585, sed, mmap2, 360448
Fri Jun 21 05:31:16 2024, 11585, sed, mmap2, 24576
Fri Jun 21 05:31:16 2024, 11585, sed, mmap2, 52816
Fri Jun 21 05:31:16 2024, 11585, sed, mmap2, 615184
Fri Jun 21 05:31:16 2024, 11585, sed, mmap2, 438272
Fri Jun 21 05:31:16 2024, 11585, sed, mmap2, 163840
Fri Jun 21 05:31:16 2024, 11585, sed, mmap2, 8192
Fri Jun 21 05:31:16 2024, 11585, sed, mmap2, 8192
Fri Jun 21 05:31:16 2024, 11585, sed, munmap, 71631
Fri Jun 21 05:31:16 2024, 11585, sed, mmap2, 8391520
Fri Jun 21 05:31:16 2024, 11585, sed, mmap2, 27002
Fri Jun 21 05:31:16 2024, 11586, cat, mmap2, 8192
Fri Jun 21 05:31:16 2024, 11586, cat, mmap2, 71631
Fri Jun 21 05:31:16 2024, 11586, cat, mmap2, 2264656
Fri Jun 21 05:31:16 2024, 11586, cat, mmap2, 1658880
Fri Jun 21 05:31:16 2024, 11586, cat, mmap2, 360448
Fri Jun 21 05:31:16 2024, 11586, cat, mmap2, 24576
Fri Jun 21 05:31:16 2024, 11586, cat, mmap2, 52816
Fri Jun 21 05:31:16 2024, 11586, cat, mmap2, 12288
Fri Jun 21 05:31:16 2024, 11586, cat, munmap, 71631
Fri Jun 21 05:31:16 2024, 11586, cat, mmap2, 8391520
Fri Jun 21 05:31:16 2024, 11586, cat, mmap2, 139264
Fri Jun 21 05:31:16 2024, 11586, cat, munmap, 139264
Fri Jun 21 05:31:16 2024, 11588, cat, mmap2, 8192
Fri Jun 21 05:31:16 2024, 11588, cat, mmap2, 71631
Fri Jun 21 05:31:16 2024, 11588, cat, mmap2, 2264656
Fri Jun 21 05:31:16 2024, 11588, cat, mmap2, 1658880
Fri Jun 21 05:31:16 2024, 11588, cat, mmap2, 360448
Fri Jun 21 05:31:16 2024, 11588, cat, mmap2, 24576
Fri Jun 21 05:31:16 2024, 11588, cat, mmap2, 52816
Fri Jun 21 05:31:16 2024, 11588, cat, mmap2, 12288
Fri Jun 21 05:31:16 2024, 11588, cat, munmap, 71631
Fri Jun 21 05:31:16 2024, 11588, cat, mmap2, 8391520
Fri Jun 21 05:31:16 2024, 11588, cat, mmap2, 139264
Fri Jun 21 05:31:16 2024, 11588, cat, munmap, 139264
Fri Jun 21 05:31:16 2024, 11590, cat, mmap2, 8192
Fri Jun 21 05:31:16 2024, 11590, cat, mmap2, 71631
Fri Jun 21 05:31:16 2024, 11590, cat, mmap2, 2264656
Fri Jun 21 05:31:16 2024, 11590, cat, mmap2, 1658880
Fri Jun 21 05:31:16 2024, 11590, cat, mmap2, 360448
Fri Jun 21 05:31:16 2024, 11590, cat, mmap2, 24576
Fri Jun 21 05:31:16 2024, 11590, cat, mmap2, 52816
Fri Jun 21 05:31:16 2024, 11590, cat, mmap2, 12288
Fri Jun 21 05:31:16 2024, 11590, cat, munmap, 71631
Fri Jun 21 05:31:16 2024, 11590, cat, mmap2, 8391520
Fri Jun 21 05:31:16 2024, 11590, cat, mmap2, 139264
Fri Jun 21 05:31:16 2024, 11590, cat, munmap, 139264
Fri Jun 21 05:31:16 2024, 11592, cat, mmap2, 8192
Fri Jun 21 05:31:16 2024, 11592, cat, mmap2, 71631
Fri Jun 21 05:31:16 2024, 11592, cat, mmap2, 2264656
Fri Jun 21 05:31:16 2024, 11592, cat, mmap2, 1658880
Fri Jun 21 05:31:16 2024, 11592, cat, mmap2, 360448
Fri Jun 21 05:31:16 2024, 11592, cat, mmap2, 24576
Fri Jun 21 05:31:16 2024, 11592, cat, mmap2, 52816
Fri Jun 21 05:31:16 2024, 11592, cat, mmap2, 12288
Fri Jun 21 05:31:16 2024, 11592, cat, munmap, 71631
Fri Jun 21 05:31:16 2024, 11592, cat, mmap2, 8391520
Fri Jun 21 05:31:16 2024, 11592, cat, mmap2, 139264
Fri Jun 21 05:31:16 2024, 11592, cat, munmap, 139264
Fri Jun 21 05:31:16 2024, 11594, cat, mmap2, 8192
Fri Jun 21 05:31:16 2024, 11594, cat, mmap2, 71631
Fri Jun 21 05:31:16 2024, 11594, cat, mmap2, 2264656
Fri Jun 21 05:31:16 2024, 11594, cat, mmap2, 1658880
Fri Jun 21 05:31:16 2024, 11594, cat, mmap2, 360448
Fri Jun 21 05:31:16 2024, 11594, cat, mmap2, 24576
Fri Jun 21 05:31:16 2024, 11594, cat, mmap2, 52816
Fri Jun 21 05:31:16 2024, 11594, cat, mmap2, 12288
Fri Jun 21 05:31:16 2024, 11594, cat, munmap, 71631
Fri Jun 21 05:31:16 2024, 11594, cat, mmap2, 8391520
Fri Jun 21 05:31:16 2024, 11594, cat, mmap2, 139264
Fri Jun 21 05:31:16 2024, 11594, cat, munmap, 139264
Fri Jun 21 05:31:16 2024, 11596, cat, mmap2, 8192
Fri Jun 21 05:31:16 2024, 11596, cat, mmap2, 71631
Fri Jun 21 05:31:16 2024, 11596, cat, mmap2, 2264656
Fri Jun 21 05:31:16 2024, 11596, cat, mmap2, 1658880
Fri Jun 21 05:31:16 2024, 11596, cat, mmap2, 360448
Fri Jun 21 05:31:16 2024, 11596, cat, mmap2, 24576
Fri Jun 21 05:31:16 2024, 11596, cat, mmap2, 52816
Fri Jun 21 05:31:16 2024, 11596, cat, mmap2, 12288
Fri Jun 21 05:31:16 2024, 11596, cat, munmap, 71631
Fri Jun 21 05:31:16 2024, 11596, cat, mmap2, 8391520
Fri Jun 21 05:31:16 2024, 11596, cat, mmap2, 139264
Fri Jun 21 05:31:16 2024, 11596, cat, munmap, 139264
Fri Jun 21 05:31:16 2024, 11598, cat, mmap2, 8192
Fri Jun 21 05:31:16 2024, 11598, cat, mmap2, 71631
Fri Jun 21 05:31:16 2024, 11598, cat, mmap2, 2264656
Fri Jun 21 05:31:16 2024, 11598, cat, mmap2, 1658880
Fri Jun 21 05:31:16 2024, 11598, cat, mmap2, 360448
Fri Jun 21 05:31:16 2024, 11598, cat, mmap2, 24576
Fri Jun 21 05:31:16 2024, 11598, cat, mmap2, 52816
Fri Jun 21 05:31:16 2024, 11598, cat, mmap2, 12288
Fri Jun 21 05:31:16 2024, 11598, cat, munmap, 71631
Fri Jun 21 05:31:16 2024, 11598, cat, mmap2, 8391520
Fri Jun 21 05:31:16 2024, 11598, cat, mmap2, 139264
Fri Jun 21 05:31:16 2024, 11598, cat, munmap, 139264
Fri Jun 21 05:31:16 2024, 11600, cat, mmap2, 8192
Fri Jun 21 05:31:16 2024, 11600, cat, mmap2, 71631
Fri Jun 21 05:31:16 2024, 11600, cat, mmap2, 2264656
Fri Jun 21 05:31:16 2024, 11600, cat, mmap2, 1658880
Fri Jun 21 05:31:16 2024, 11600, cat, mmap2, 360448
Fri Jun 21 05:31:16 2024, 11600, cat, mmap2, 24576
Fri Jun 21 05:31:16 2024, 11600, cat, mmap2, 52816
Fri Jun 21 05:31:16 2024, 11600, cat, mmap2, 12288
Fri Jun 21 05:31:16 2024, 11600, cat, munmap, 71631
Fri Jun 21 05:31:16 2024, 11600, cat, mmap2, 8391520
Fri Jun 21 05:31:16 2024, 11600, cat, mmap2, 139264
Fri Jun 21 05:31:16 2024, 11600, cat, munmap, 139264
Fri Jun 21 05:31:16 2024, 5527, Chrome_ChildIOT, mmap2, 2097152
Fri Jun 21 05:31:16 2024, 5527, Chrome_ChildIOT, mmap2, 2097152
Fri Jun 21 05:31:16 2024, 5527, Chrome_ChildIOT, munmap, 2097152
Fri Jun 21 05:31:16 2024, 5484, Chrome_IOThread, mmap2, 2097152
Fri Jun 21 05:31:16 2024, 5527, Chrome_ChildIOT, munmap, 2097152
Fri Jun 21 05:31:16 2024, 5484, code, munmap, 2097152
Fri Jun 21 05:31:17 2024, 11563, systemd-udevd, munmap, 11616022
Fri Jun 21 05:31:17 2024, 11563, systemd-udevd, munmap, 974296
Fri Jun 21 05:31:17 2024, 11563, systemd-udevd, munmap, 1496258
Fri Jun 21 05:31:17 2024, 11563, systemd-udevd, munmap, 821658
Fri Jun 21 05:31:17 2024, 11563, systemd-udevd, munmap, 26385
Fri Jun 21 05:31:17 2024, 11563, systemd-udevd, munmap, 12907
